2025-07-01 23:09:20 - INFO - {"event_type": "SECURITY_MANAGER_INITIALIZED", "user": "system", "details": "Security manager started with all components", "timestamp": "2025-07-01T23:09:20.867712", "severity": "INFO"}
2025-07-01 23:12:57 - INFO - {"event_type": "SECURITY_MANAGER_INITIALIZED", "user": "system", "details": "Security manager started with all components", "timestamp": "2025-07-01T23:12:57.123644", "severity": "INFO"}
2025-07-01 23:25:36 - INFO - {"event_type": "SECURITY_MANAGER_INITIALIZED", "user": "system", "details": "Security manager started with all components", "timestamp": "2025-07-01T23:25:36.164235", "severity": "INFO"}
2025-07-01 23:27:09 - INFO - {"event_type": "FILE_PROCESSED", "user": "test2", "details": "File: requirements.txt, Size: 128", "timestamp": "2025-07-01T23:27:09.432768", "severity": "INFO"}
2025-07-01 23:34:58 - INFO - {"event_type": "SECURITY_MANAGER_INITIALIZED", "user": "system", "details": "Security manager started with all components", "timestamp": "2025-07-01T23:34:58.746407", "severity": "INFO"}
2025-07-02 06:57:44 - INFO - {"event_type": "SECURITY_MANAGER_INITIALIZED", "user": "system", "details": "Security manager started with all components", "timestamp": "2025-07-02T06:57:44.317565", "severity": "INFO"}
2025-07-02 06:57:44 - WARNING - {"event_type": "FILE_WARNING", "user": "testuser", "details": "File: document.pdf - Warnings: File content not available for deep scanning", "timestamp": "2025-07-02T06:57:44.462566", "severity": "WARNING"}
2025-07-02 06:57:44 - INFO - {"event_type": "FILE_PROCESSED", "user": "testuser", "details": "File: document.pdf, Size: 1024", "timestamp": "2025-07-02T06:57:44.462566", "severity": "INFO"}
2025-07-02 06:57:44 - WARNING - {"event_type": "FILE_WARNING", "user": "testuser", "details": "File: photo.jpg - Warnings: File content not available for deep scanning", "timestamp": "2025-07-02T06:57:44.462566", "severity": "WARNING"}
2025-07-02 06:57:44 - INFO - {"event_type": "FILE_PROCESSED", "user": "testuser", "details": "File: photo.jpg, Size: 2048", "timestamp": "2025-07-02T06:57:44.463566", "severity": "INFO"}
2025-07-02 06:57:44 - WARNING - {"event_type": "DANGEROUS_FILE", "user": "testuser", "details": "File: malware.exe - File type not allowed", "timestamp": "2025-07-02T06:57:44.463566", "severity": "WARNING"}
2025-07-02 06:57:44 - WARNING - {"event_type": "DANGEROUS_FILE", "user": "testuser", "details": "File: script.js - File type not allowed", "timestamp": "2025-07-02T06:57:44.463566", "severity": "WARNING"}
2025-07-02 06:57:44 - WARNING - {"event_type": "DANGEROUS_FILE", "user": "testuser", "details": "File: virus.bat - File type not allowed", "timestamp": "2025-07-02T06:57:44.464566", "severity": "WARNING"}
2025-07-02 06:57:44 - WARNING - {"event_type": "FILE_WARNING", "user": "testuser", "details": "File: safe_archive.zip - Warnings: File content not available for deep scanning", "timestamp": "2025-07-02T06:57:44.464566", "severity": "WARNING"}
2025-07-02 06:57:44 - INFO - {"event_type": "FILE_PROCESSED", "user": "testuser", "details": "File: safe_archive.zip, Size: 1024", "timestamp": "2025-07-02T06:57:44.464566", "severity": "INFO"}
2025-07-02 06:57:44 - WARNING - {"event_type": "DANGEROUS_FILE", "user": "testuser", "details": "File: ../../../etc/passwd - Filename contains dangerous characters", "timestamp": "2025-07-02T06:57:44.465566", "severity": "WARNING"}
2025-07-02 06:57:44 - WARNING - {"event_type": "FILE_WARNING", "user": "testuser", "details": "File: normal.txt - Warnings: File content not available for deep scanning", "timestamp": "2025-07-02T06:57:44.465566", "severity": "WARNING"}
2025-07-02 06:57:44 - INFO - {"event_type": "FILE_PROCESSED", "user": "testuser", "details": "File: normal.txt, Size: 1024", "timestamp": "2025-07-02T06:57:44.465566", "severity": "INFO"}
2025-07-02 06:57:44 - WARNING - {"event_type": "FILE_WARNING", "user": "testuser", "details": "File: file with spaces.doc - Warnings: File content not available for deep scanning", "timestamp": "2025-07-02T06:57:44.466565", "severity": "WARNING"}
2025-07-02 06:57:44 - INFO - {"event_type": "FILE_PROCESSED", "user": "testuser", "details": "File: file with spaces.doc, Size: 1024", "timestamp": "2025-07-02T06:57:44.466565", "severity": "INFO"}
2025-07-02 06:57:44 - WARNING - {"event_type": "OVERSIZED_FILE", "user": "testuser", "details": "File: toolarge.zip, Size: 104857600", "timestamp": "2025-07-02T06:57:44.466565", "severity": "WARNING"}
2025-07-02 06:57:44 - INFO - {"event_type": "USER_AUTHENTICATED", "user": "testuser", "details": "IP: 192.168.1.200, Session: fBVH9-6S...", "timestamp": "2025-07-02T06:57:44.467567", "severity": "INFO"}
2025-07-02 06:57:44 - WARNING - {"event_type": "INVALID_SESSION", "user": "unknown", "details": "Session: fBVH9-6S..., IP: 192.168.1.999", "timestamp": "2025-07-02T06:57:44.470566", "severity": "WARNING"}
2025-07-02 06:57:44 - INFO - {"event_type": "MESSAGE_PROCESSED", "user": "testuser", "details": "Length: 12", "timestamp": "2025-07-02T06:57:44.733563", "severity": "INFO"}
2025-07-02 06:57:44 - WARNING - {"event_type": "MALICIOUS_MESSAGE", "user": "testuser", "details": "Message: <script>alert('xss')</script>...", "timestamp": "2025-07-02T06:57:44.733563", "severity": "WARNING"}
2025-07-02 06:57:44 - WARNING - {"event_type": "MALICIOUS_MESSAGE", "user": "testuser", "details": "Message: eval(dangerous)...", "timestamp": "2025-07-02T06:57:44.734566", "severity": "WARNING"}
2025-07-02 06:57:44 - INFO - {"event_type": "MESSAGE_PROCESSED", "user": "testuser", "details": "Length: 19", "timestamp": "2025-07-02T06:57:44.734566", "severity": "INFO"}
2025-07-02 07:00:12 - INFO - {"event_type": "SECURITY_MANAGER_INITIALIZED", "user": "system", "details": "Security manager started with all components", "timestamp": "2025-07-02T07:00:12.838706", "severity": "INFO"}
2025-07-02 07:06:24 - INFO - {"event_type": "SECURITY_MANAGER_INITIALIZED", "user": "system", "details": "Security manager started with all components", "timestamp": "2025-07-02T07:06:24.345143", "severity": "INFO"}
2025-07-02 07:17:04 - WARNING - {"event_type": "DANGEROUS_FILE", "user": "Swastik", "details": "File: DemoMal.exe - File type not allowed", "timestamp": "2025-07-02T07:17:04.998612", "severity": "WARNING"}
2025-07-02 07:20:33 - INFO - {"event_type": "SECURITY_MANAGER_INITIALIZED", "user": "system", "details": "Security manager started with all components", "timestamp": "2025-07-02T07:20:33.679508", "severity": "INFO"}
2025-07-02 07:26:19 - INFO - {"event_type": "SECURITY_MANAGER_INITIALIZED", "user": "system", "details": "Security manager started with all components", "timestamp": "2025-07-02T07:26:19.279201", "severity": "INFO"}
2025-07-02 07:26:40 - WARNING - {"event_type": "DANGEROUS_FILE", "user": "TEST", "details": "File: DemoMal.exe - File type not allowed", "timestamp": "2025-07-02T07:26:40.924264", "severity": "WARNING"}
2025-07-02 07:27:36 - WARNING - {"event_type": "DANGEROUS_FILE", "user": "TEST", "details": "File: DemoMal.exe - File type not allowed", "timestamp": "2025-07-02T07:27:36.422299", "severity": "WARNING"}
